[2025-03-25 23:25:31] File system monitoring started
[2025-03-25 23:25:31] System started
[2025-03-25 23:31:44] File system monitoring started
[2025-03-25 23:31:44] System started
[2025-03-25 23:34:39] File system monitoring started
[2025-03-25 23:34:39] System started
[2025-03-25 23:37:41] File system monitoring started
[2025-03-25 23:37:41] System started
[2025-03-25 23:38:00] System stopped
[2025-03-25 23:39:22] File system monitoring started
[2025-03-25 23:39:22] System started
[2025-03-25 23:39:26] System stopped
[2025-03-25 23:40:35] File system monitoring started
[2025-03-25 23:40:35] System started
[2025-03-25 23:40:37] System stopped
[2025-03-25 23:55:32] File system monitoring started
[2025-03-25 23:55:32] System started
[2025-03-25 23:55:35] Failed to send alert: (534, b'5.7.9 Application-specific password required. For more information, go to\n5.7.9  https://support.google.com/mail/?p=InvalidSecondFactor d2e1a72fcca58-73905ffc5f9sm10535963b3a.72 - gsmtp')
[2025-03-25 23:55:35] Ransomware detected! Metrics: {'cpu_usage': 25.6, 'memory_usage': 84.3, 'file_access': 1, 'encryption_calls': 0, 'network_activity': 1603997686, 'suspicious_api_calls': 0, 'cpu_mem_ratio': 1.1862396204033214, 'encryption_per_file': 0, 'api_per_network': 0.0}
[2025-03-25 23:55:42] Failed to send alert: (535, b'5.7.8 Username and Password not accepted. For more information, go to\n5.7.8  https://support.google.com/mail/?p=BadCredentials d9443c01a7336-22780f56d7asm93851315ad.105 - gsmtp')
[2025-03-25 23:55:42] Ransomware detected! Metrics: {'cpu_usage': 18.3, 'memory_usage': 84.3, 'file_access': 4, 'encryption_calls': 0, 'network_activity': 1604033288, 'suspicious_api_calls': 0, 'cpu_mem_ratio': 0.0, 'encryption_per_file': 0, 'api_per_network': 0.0}
[2025-03-25 23:55:50] Failed to send alert: (534, b'5.7.9 Application-specific password required. For more information, go to\n5.7.9  https://support.google.com/mail/?p=InvalidSecondFactor 98e67ed59e1d1-301bf59cd3esm14728997a91.21 - gsmtp')
[2025-03-25 23:55:50] Ransomware detected! Metrics: {'cpu_usage': 17.2, 'memory_usage': 84.3, 'file_access': 6, 'encryption_calls': 0, 'network_activity': 1604058082, 'suspicious_api_calls': 0, 'cpu_mem_ratio': 0.0, 'encryption_per_file': 0, 'api_per_network': 0.0}
[2025-03-25 23:55:58] Failed to send alert: (534, b'5.7.9 Application-specific password required. For more information, go to\n5.7.9  https://support.google.com/mail/?p=InvalidSecondFactor d9443c01a7336-22780f455a8sm94133765ad.55 - gsmtp')
[2025-03-25 23:55:58] Ransomware detected! Metrics: {'cpu_usage': 18.7, 'memory_usage': 84.3, 'file_access': 9, 'encryption_calls': 0, 'network_activity': 1604077002, 'suspicious_api_calls': 0, 'cpu_mem_ratio': 0.0, 'encryption_per_file': 0, 'api_per_network': 0.0}
[2025-03-25 23:56:01] File system monitoring started
[2025-03-25 23:56:01] System started
[2025-03-25 23:56:04] Failed to send alert: (534, b'5.7.9 Application-specific password required. For more information, go to\n5.7.9  https://support.google.com/mail/?p=InvalidSecondFactor d9443c01a7336-22780f4bf5asm93467135ad.68 - gsmtp')
[2025-03-25 23:56:04] Ransomware detected! Metrics: {'cpu_usage': 34.9, 'memory_usage': 85.3, 'file_access': 1, 'encryption_calls': 0, 'network_activity': 1604097303, 'suspicious_api_calls': 0, 'cpu_mem_ratio': 0.0, 'encryption_per_file': 0, 'api_per_network': 0.0}
[2025-03-25 23:56:05] Failed to send alert: (534, b'5.7.9 Application-specific password required. For more information, go to\n5.7.9  https://support.google.com/mail/?p=InvalidSecondFactor d2e1a72fcca58-7394abf7311sm1252255b3a.40 - gsmtp')
[2025-03-25 23:56:05] Ransomware detected! Metrics: {'cpu_usage': 22.3, 'memory_usage': 85.4, 'file_access': 13, 'encryption_calls': 0, 'network_activity': 1604107218, 'suspicious_api_calls': 0, 'cpu_mem_ratio': 0.0, 'encryption_per_file': 0, 'api_per_network': 0.0}
[2025-03-25 23:56:07] System stopped
[2025-03-25 23:56:13] Failed to send alert: (534, b'5.7.9 Application-specific password required. For more information, go to\n5.7.9  https://support.google.com/mail/?p=InvalidSecondFactor 98e67ed59e1d1-301bf63589dsm14827874a91.41 - gsmtp')
[2025-03-25 23:56:13] Ransomware detected! Metrics: {'cpu_usage': 21.8, 'memory_usage': 84.3, 'file_access': 18, 'encryption_calls': 0, 'network_activity': 1604127932, 'suspicious_api_calls': 0, 'cpu_mem_ratio': 0.0, 'encryption_per_file': 0, 'api_per_network': 0.0}
[2025-03-25 23:57:33] File system monitoring started
[2025-03-25 23:57:33] System started
[2025-03-25 23:57:36] Failed to send alert: (534, b'5.7.9 Application-specific password required. For more information, go to\n5.7.9  https://support.google.com/mail/?p=InvalidSecondFactor 98e67ed59e1d1-3030f612efdsm10701278a91.29 - gsmtp')
[2025-03-25 23:57:36] Ransomware detected! Metrics: {'cpu_usage': 25.7, 'memory_usage': 79.7, 'file_access': 1, 'encryption_calls': 0, 'network_activity': 1619582116, 'suspicious_api_calls': 0, 'cpu_mem_ratio': 1.2547051442910915, 'encryption_per_file': 0, 'api_per_network': 0.0}
[2025-03-25 23:57:44] Failed to send alert: (534, b'5.7.9 Application-specific password required. For more information, go to\n5.7.9  https://support.google.com/mail/?p=InvalidSecondFactor 98e67ed59e1d1-301bf576be5sm14662425a91.6 - gsmtp')
[2025-03-25 23:57:44] Ransomware detected! Metrics: {'cpu_usage': 16.5, 'memory_usage': 81.3, 'file_access': 4, 'encryption_calls': 0, 'network_activity': 1619633576, 'suspicious_api_calls': 0, 'cpu_mem_ratio': 0.6838868388683887, 'encryption_per_file': 0, 'api_per_network': 0.0}
[2025-03-25 23:57:52] Failed to send alert: (534, b'5.7.9 Application-specific password required. For more information, go to\n5.7.9  https://support.google.com/mail/?p=InvalidSecondFactor d2e1a72fcca58-73906158ef2sm10900493b3a.141 - gsmtp')
[2025-03-25 23:57:52] Ransomware detected! Metrics: {'cpu_usage': 23.5, 'memory_usage': 82.9, 'file_access': 6, 'encryption_calls': 0, 'network_activity': 1620516762, 'suspicious_api_calls': 0, 'cpu_mem_ratio': 0.0, 'encryption_per_file': 0, 'api_per_network': 0.0}
[2025-03-25 23:58:00] Failed to send alert: (534, b'5.7.9 Application-specific password required. For more information, go to\n5.7.9  https://support.google.com/mail/?p=InvalidSecondFactor 98e67ed59e1d1-301bf576be5sm14662647a91.6 - gsmtp')
[2025-03-25 23:58:00] Ransomware detected! Metrics: {'cpu_usage': 15.3, 'memory_usage': 83.0, 'file_access': 8, 'encryption_calls': 0, 'network_activity': 1621080443, 'suspicious_api_calls': 0, 'cpu_mem_ratio': 0.20120481927710843, 'encryption_per_file': 0, 'api_per_network': 0.0}
[2025-03-25 23:58:07] Failed to send alert: (534, b'5.7.9 Application-specific password required. For more information, go to\n5.7.9  https://support.google.com/mail/?p=InvalidSecondFactor d9443c01a7336-227811b2aefsm93907565ad.109 - gsmtp')
[2025-03-25 23:58:07] Ransomware detected! Metrics: {'cpu_usage': 14.1, 'memory_usage': 83.1, 'file_access': 10, 'encryption_calls': 0, 'network_activity': 1621161534, 'suspicious_api_calls': 0, 'cpu_mem_ratio': 0.0, 'encryption_per_file': 0, 'api_per_network': 0.0}
[2025-03-25 23:58:15] Failed to send alert: (534, b'5.7.9 Application-specific password required. For more information, go to\n5.7.9  https://support.google.com/mail/?p=InvalidSecondFactor d2e1a72fcca58-73906156184sm10851027b3a.132 - gsmtp')
[2025-03-25 23:58:15] Ransomware detected! Metrics: {'cpu_usage': 20.2, 'memory_usage': 83.3, 'file_access': 13, 'encryption_calls': 0, 'network_activity': 1621271206, 'suspicious_api_calls': 0, 'cpu_mem_ratio': 0.24009603841536614, 'encryption_per_file': 0, 'api_per_network': 0.0}
[2025-03-25 23:58:23] Failed to send alert: (534, b'5.7.9 Application-specific password required. For more information, go to\n5.7.9  https://support.google.com/mail/?p=InvalidSecondFactor d9443c01a7336-22780f45f45sm93677075ad.87 - gsmtp')
[2025-03-25 23:58:23] Ransomware detected! Metrics: {'cpu_usage': 20.9, 'memory_usage': 81.6, 'file_access': 15, 'encryption_calls': 0, 'network_activity': 1621603360, 'suspicious_api_calls': 0, 'cpu_mem_ratio': 0.0, 'encryption_per_file': 0, 'api_per_network': 0.0}
[2025-03-25 23:58:26] System stopped
[2025-03-25 23:58:26] File system monitoring started
[2025-03-25 23:58:28] File system monitoring started
[2025-03-25 23:58:28] System started
[2025-03-25 23:58:31] Failed to send alert: (534, b'5.7.9 Application-specific password required. For more information, go to\n5.7.9  https://support.google.com/mail/?p=InvalidSecondFactor 41be03b00d2f7-af8a27d9a75sm9418314a12.16 - gsmtp')
[2025-03-25 23:58:31] Ransomware detected! Metrics: {'cpu_usage': 34.6, 'memory_usage': 83.3, 'file_access': 1, 'encryption_calls': 0, 'network_activity': 1627648493, 'suspicious_api_calls': 0, 'cpu_mem_ratio': 0.0, 'encryption_per_file': 0, 'api_per_network': 0.0}
[2025-03-25 23:58:55] File system monitoring started
[2025-03-25 23:58:55] System started
[2025-03-25 23:58:57] Failed to send alert: (534, b'5.7.9 Application-specific password required. For more information, go to\n5.7.9  https://support.google.com/mail/?p=InvalidSecondFactor d2e1a72fcca58-73906158615sm10859837b3a.140 - gsmtp')
[2025-03-25 23:58:57] Ransomware detected! Metrics: {'cpu_usage': 20.9, 'memory_usage': 81.4, 'file_access': 1, 'encryption_calls': 0, 'network_activity': 1627986683, 'suspicious_api_calls': 0, 'cpu_mem_ratio': 1.2285012285012284, 'encryption_per_file': 0, 'api_per_network': 0.0}
[2025-03-25 23:59:05] Failed to send alert: (534, b'5.7.9 Application-specific password required. For more information, go to\n5.7.9  https://support.google.com/mail/?p=InvalidSecondFactor d2e1a72fcca58-7390618efdbsm10854012b3a.178 - gsmtp')
[2025-03-25 23:59:05] Ransomware detected! Metrics: {'cpu_usage': 11.6, 'memory_usage': 81.2, 'file_access': 5, 'encryption_calls': 0, 'network_activity': 1628819896, 'suspicious_api_calls': 0, 'cpu_mem_ratio': 0.0, 'encryption_per_file': 0, 'api_per_network': 0.0}
[2025-03-25 23:59:13] Failed to send alert: (534, b'5.7.9 Application-specific password required. For more information, go to\n5.7.9  https://support.google.com/mail/?p=InvalidSecondFactor d9443c01a7336-227811b2bd8sm93796435ad.112 - gsmtp')
[2025-03-25 23:59:13] Ransomware detected! Metrics: {'cpu_usage': 8.7, 'memory_usage': 81.2, 'file_access': 7, 'encryption_calls': 0, 'network_activity': 1628910270, 'suspicious_api_calls': 0, 'cpu_mem_ratio': 0.0, 'encryption_per_file': 0, 'api_per_network': 0.0}
[2025-03-25 23:59:20] Failed to send alert: (534, b'5.7.9 Application-specific password required. For more information, go to\n5.7.9  https://support.google.com/mail/?p=InvalidSecondFactor d2e1a72fcca58-7390615618fsm10864839b3a.146 - gsmtp')
[2025-03-25 23:59:20] Ransomware detected! Metrics: {'cpu_usage': 10.1, 'memory_usage': 81.2, 'file_access': 9, 'encryption_calls': 0, 'network_activity': 1628947970, 'suspicious_api_calls': 0, 'cpu_mem_ratio': 0.28448275862068967, 'encryption_per_file': 0, 'api_per_network': 0.0}
[2025-03-25 23:59:28] Failed to send alert: (534, b'5.7.9 Application-specific password required. For more information, go to\n5.7.9  https://support.google.com/mail/?p=InvalidSecondFactor d9443c01a7336-227811bd195sm93741995ad.132 - gsmtp')
[2025-03-25 23:59:28] Ransomware detected! Metrics: {'cpu_usage': 17.0, 'memory_usage': 82.5, 'file_access': 11, 'encryption_calls': 0, 'network_activity': 1629052067, 'suspicious_api_calls': 0, 'cpu_mem_ratio': 0.2690909090909091, 'encryption_per_file': 0, 'api_per_network': 0.0}
[2025-03-25 23:59:35] Failed to send alert: (534, b'5.7.9 Application-specific password required. For more information, go to\n5.7.9  https://support.google.com/mail/?p=InvalidSecondFactor 98e67ed59e1d1-3030f7e9bbasm10631719a91.39 - gsmtp')
[2025-03-25 23:59:35] Ransomware detected! Metrics: {'cpu_usage': 25.7, 'memory_usage': 82.2, 'file_access': 13, 'encryption_calls': 0, 'network_activity': 1629188236, 'suspicious_api_calls': 0, 'cpu_mem_ratio': 0.0, 'encryption_per_file': 0, 'api_per_network': 0.0}
[2025-03-25 23:59:43] Failed to send alert: (534, b'5.7.9 Application-specific password required. For more information, go to\n5.7.9  https://support.google.com/mail/?p=InvalidSecondFactor d2e1a72fcca58-73906158ee7sm10901016b3a.147 - gsmtp')
[2025-03-25 23:59:43] Ransomware detected! Metrics: {'cpu_usage': 9.4, 'memory_usage': 82.1, 'file_access': 15, 'encryption_calls': 0, 'network_activity': 1629222841, 'suspicious_api_calls': 0, 'cpu_mem_ratio': 0.0, 'encryption_per_file': 0, 'api_per_network': 0.0}
[2025-03-25 23:59:51] Failed to send alert: (534, b'5.7.9 Application-specific password required. For more information, go to\n5.7.9  https://support.google.com/mail/?p=InvalidSecondFactor d2e1a72fcca58-7390611ccf8sm10429232b3a.120 - gsmtp')
[2025-03-25 23:59:51] Ransomware detected! Metrics: {'cpu_usage': 10.1, 'memory_usage': 82.1, 'file_access': 17, 'encryption_calls': 0, 'network_activity': 1629283196, 'suspicious_api_calls': 0, 'cpu_mem_ratio': 0.30450669914738127, 'encryption_per_file': 0, 'api_per_network': 0.0}
[2025-03-25 23:59:59] Failed to send alert: (534, b'5.7.9 Application-specific password required. For more information, go to\n5.7.9  https://support.google.com/mail/?p=InvalidSecondFactor 98e67ed59e1d1-3030fe83d50sm10609580a91.24 - gsmtp')
[2025-03-25 23:59:59] Ransomware detected! Metrics: {'cpu_usage': 9.6, 'memory_usage': 82.0, 'file_access': 19, 'encryption_calls': 0, 'network_activity': 1629392321, 'suspicious_api_calls': 0, 'cpu_mem_ratio': 0.0, 'encryption_per_file': 0, 'api_per_network': 0.0}
[2025-03-26 00:00:06] System stopped
[2025-03-26 00:00:06] File system monitoring started
[2025-03-26 00:00:07] File system monitoring started
[2025-03-26 00:00:07] System started
[2025-03-26 00:00:10] Failed to send alert: (534, b'5.7.9 Application-specific password required. For more information, go to\n5.7.9  https://support.google.com/mail/?p=InvalidSecondFactor d9443c01a7336-227811da3b1sm94395495ad.181 - gsmtp')
[2025-03-26 00:00:10] Ransomware detected! Metrics: {'cpu_usage': 21.1, 'memory_usage': 83.4, 'file_access': 1, 'encryption_calls': 0, 'network_activity': 1629616440, 'suspicious_api_calls': 0, 'cpu_mem_ratio': 0.0, 'encryption_per_file': 0, 'api_per_network': 0.0}
[2025-03-26 00:00:17] Failed to send alert: (534, b'5.7.9 Application-specific password required. For more information, go to\n5.7.9  https://support.google.com/mail/?p=InvalidSecondFactor d2e1a72fcca58-73905fab521sm10444053b3a.29 - gsmtp')
[2025-03-26 00:00:17] Ransomware detected! Metrics: {'cpu_usage': 13.3, 'memory_usage': 83.2, 'file_access': 4, 'encryption_calls': 0, 'network_activity': 1629692314, 'suspicious_api_calls': 0, 'cpu_mem_ratio': 0.4002403846153846, 'encryption_per_file': 0, 'api_per_network': 0.0}
[2025-03-26 00:00:26] Failed to send alert: (534, b'5.7.9 Application-specific password required. For more information, go to\n5.7.9  https://support.google.com/mail/?p=InvalidSecondFactor d2e1a72fcca58-73905fd5788sm10832940b3a.50 - gsmtp')
[2025-03-26 00:00:26] Ransomware detected! Metrics: {'cpu_usage': 15.5, 'memory_usage': 83.7, 'file_access': 6, 'encryption_calls': 0, 'network_activity': 1636852258, 'suspicious_api_calls': 0, 'cpu_mem_ratio': 0.11947431302270012, 'encryption_per_file': 0, 'api_per_network': 0.0}
[2025-03-26 00:00:33] Failed to send alert: (534, b'5.7.9 Application-specific password required. For more information, go to\n5.7.9  https://support.google.com/mail/?p=InvalidSecondFactor 98e67ed59e1d1-3030f3efbabsm10789923a91.0 - gsmtp')
[2025-03-26 00:00:33] Ransomware detected! Metrics: {'cpu_usage': 16.1, 'memory_usage': 83.5, 'file_access': 8, 'encryption_calls': 0, 'network_activity': 1642427286, 'suspicious_api_calls': 0, 'cpu_mem_ratio': 0.47904191616766467, 'encryption_per_file': 0, 'api_per_network': 0.0}
[2025-03-26 00:00:41] Failed to send alert: (534, b'5.7.9 Application-specific password required. For more information, go to\n5.7.9  https://support.google.com/mail/?p=InvalidSecondFactor d2e1a72fcca58-73906158ee7sm10902112b3a.147 - gsmtp')
[2025-03-26 00:00:41] Ransomware detected! Metrics: {'cpu_usage': 16.0, 'memory_usage': 83.6, 'file_access': 10, 'encryption_calls': 0, 'network_activity': 1642632442, 'suspicious_api_calls': 0, 'cpu_mem_ratio': 0.6435406698564593, 'encryption_per_file': 0, 'api_per_network': 0.0}
[2025-03-26 00:00:48] Failed to send alert: (534, b'5.7.9 Application-specific password required. For more information, go to\n5.7.9  https://support.google.com/mail/?p=InvalidSecondFactor d9443c01a7336-22780f3b40esm93988795ad.12 - gsmtp')
[2025-03-26 00:00:48] Ransomware detected! Metrics: {'cpu_usage': 15.0, 'memory_usage': 83.8, 'file_access': 12, 'encryption_calls': 0, 'network_activity': 1642669067, 'suspicious_api_calls': 0, 'cpu_mem_ratio': 0.2983293556085919, 'encryption_per_file': 0, 'api_per_network': 0.0}
[2025-03-26 00:00:56] Failed to send alert: (534, b'5.7.9 Application-specific password required. For more information, go to\n5.7.9  https://support.google.com/mail/?p=InvalidSecondFactor d2e1a72fcca58-7390611c7e5sm10907902b3a.99 - gsmtp')
[2025-03-26 00:00:56] Ransomware detected! Metrics: {'cpu_usage': 18.0, 'memory_usage': 83.8, 'file_access': 14, 'encryption_calls': 0, 'network_activity': 1642719295, 'suspicious_api_calls': 0, 'cpu_mem_ratio': 0.09188544152744631, 'encryption_per_file': 0, 'api_per_network': 0.0}
[2025-03-26 00:01:04] Failed to send alert: (534, b'5.7.9 Application-specific password required. For more information, go to\n5.7.9  https://support.google.com/mail/?p=InvalidSecondFactor d9443c01a7336-227811b28e3sm93748825ad.156 - gsmtp')
[2025-03-26 00:01:04] Ransomware detected! Metrics: {'cpu_usage': 16.5, 'memory_usage': 83.7, 'file_access': 16, 'encryption_calls': 0, 'network_activity': 1642754938, 'suspicious_api_calls': 0, 'cpu_mem_ratio': 0.0, 'encryption_per_file': 0, 'api_per_network': 0.0}
